This file contains any messages produced by compilers while
running configure, to aid debugging if configure makes a mistake.

It was created by GPBayes configure 0.1.0-7, which was
generated by GNU Autoconf 2.71.  Invocation command line was

  $ ./configure

## --------- ##
## Platform. ##
## --------- ##

hostname = statit-usbeth1.stat.iastate.edu
uname -m = arm64
uname -r = 22.6.0
uname -s = Darwin
uname -v = Darwin Kernel Version 22.6.0: Thu Apr 24 20:19:51 PDT 2025; root:xnu-8796.141.3.712.2~1/RELEASE_ARM64_T6000

/usr/bin/uname -p = arm
/bin/uname -X     = unknown

/bin/arch              = unknown
/usr/bin/arch -k       = unknown
/usr/convex/getsysinfo = unknown
/usr/bin/hostinfo      = Mach kernel version:
	 Darwin Kernel Version 22.6.0: Thu Apr 24 20:19:51 PDT 2025; root:xnu-8796.141.3.712.2~1/RELEASE_ARM64_T6000
Kernel configured for up to 10 processors.
10 processors are physically available.
10 processors are logically available.
Processor type: arm64e (ARM64E)
Processors active: 0 1 2 3 4 5 6 7 8 9
Primary memory available: 64.00 gigabytes
Default processor set: 848 tasks, 4585 threads, 10 processors
Load average: 6.59, Mach factor: 3.96
/bin/machine           = unknown
/usr/bin/oslevel       = unknown
/bin/universe          = unknown

PATH: /Users/plma/opt/anaconda3/bin/
PATH: /Users/plma/opt/anaconda3/condabin/
PATH: /opt/homebrew/bin/
PATH: /opt/homebrew/sbin/
PATH: /usr/local/bin/
PATH: /usr/bin/
PATH: /bin/
PATH: /usr/sbin/
PATH: /sbin/
PATH: /Library/TeX/texbin/
PATH: /opt/X11/bin/
PATH: /Library/Apple/usr/bin/


## ----------- ##
## Core tests. ##
## ----------- ##

configure:1731: checking for gsl-config
configure:1754: found /opt/homebrew/bin/gsl-config
configure:1766: result: /opt/homebrew/bin/gsl-config
configure:1939: creating ./config.status

## ---------------------- ##
## Running config.status. ##
## ---------------------- ##

This file was extended by GPBayes config.status 0.1.0-7, which was
generated by GNU Autoconf 2.71.  Invocation command line was

  CONFIG_FILES    = 
  CONFIG_HEADERS  = 
  CONFIG_LINKS    = 
  CONFIG_COMMANDS = 
  $ ./config.status 

on statit-usbeth1.stat.iastate.edu

config.status:709: creating src/Makevars

## ---------------- ##
## Cache variables. ##
## ---------------- ##

ac_cv_env_build_alias_set=
ac_cv_env_build_alias_value=
ac_cv_env_host_alias_set=
ac_cv_env_host_alias_value=
ac_cv_env_target_alias_set=
ac_cv_env_target_alias_value=
ac_cv_path_GSL_CONFIG=/opt/homebrew/bin/gsl-config

## ----------------- ##
## Output variables. ##
## ----------------- ##

DEFS='-DPACKAGE_NAME=\"GPBayes\" -DPACKAGE_TARNAME=\"gpbayes\" -DPACKAGE_VERSION=\"0.1.0-7\" -DPACKAGE_STRING=\"GPBayes\ 0.1.0-7\" -DPACKAGE_BUGREPORT=\"mpulong@gmail.com\" -DPACKAGE_URL=\"\"'
ECHO_C='\c'
ECHO_N=''
ECHO_T=''
GSL_CFLAGS='-I/opt/homebrew/Cellar/gsl/2.7.1/include'
GSL_CONFIG='/opt/homebrew/bin/gsl-config'
GSL_LIBS='-L/opt/homebrew/Cellar/gsl/2.7.1/lib -lgsl -lgslcblas'
LIBOBJS=''
LIBS=''
LTLIBOBJS=''
PACKAGE_BUGREPORT='mpulong@gmail.com'
PACKAGE_NAME='GPBayes'
PACKAGE_STRING='GPBayes 0.1.0-7'
PACKAGE_TARNAME='gpbayes'
PACKAGE_URL=''
PACKAGE_VERSION='0.1.0-7'
PATH_SEPARATOR=':'
SHELL='/bin/sh'
bindir='${exec_prefix}/bin'
build_alias=''
datadir='${datarootdir}'
datarootdir='${prefix}/share'
docdir='${datarootdir}/doc/${PACKAGE_TARNAME}'
dvidir='${docdir}'
exec_prefix='${prefix}'
host_alias=''
htmldir='${docdir}'
includedir='${prefix}/include'
infodir='${datarootdir}/info'
libdir='${exec_prefix}/lib'
libexecdir='${exec_prefix}/libexec'
localedir='${datarootdir}/locale'
localstatedir='${prefix}/var'
mandir='${datarootdir}/man'
oldincludedir='/usr/include'
pdfdir='${docdir}'
prefix='/usr/local'
program_transform_name='s,x,x,'
psdir='${docdir}'
runstatedir='${localstatedir}/run'
sbindir='${exec_prefix}/sbin'
sharedstatedir='${prefix}/com'
sysconfdir='${prefix}/etc'
target_alias=''

## ----------- ##
## confdefs.h. ##
## ----------- ##

/* confdefs.h */
#define PACKAGE_NAME "GPBayes"
#define PACKAGE_TARNAME "gpbayes"
#define PACKAGE_VERSION "0.1.0-7"
#define PACKAGE_STRING "GPBayes 0.1.0-7"
#define PACKAGE_BUGREPORT "mpulong@gmail.com"
#define PACKAGE_URL ""

configure: exit 0
